<?xml version="1.0" encoding="UTF-8"?>
<coverage generated="1739192184176" clover="3.2.0">
  <project timestamp="1739192184176" name="All files">
    <metrics statements="5" coveredstatements="5" conditionals="2" coveredconditionals="2" methods="2" coveredmethods="2" elements="9" coveredelements="9" complexity="0" loc="5" ncloc="5" packages="1" files="1" classes="1"/>
    <file name="localStorageUtils.ts" path="C:\Users\Admin\Downloads\SDLC-openAIAutomation_FE\src\features\crud\utils\localStorageUtils.ts">
      <metrics statements="5" coveredstatements="5" conditionals="2" coveredconditionals="2" methods="2" coveredmethods="2"/>
      <line num="4" count="1" type="stmt"/>
      <line num="5" count="4" type="stmt"/>
      <line num="8" count="1" type="stmt"/>
      <line num="9" count="4" type="stmt"/>
      <line num="10" count="4" type="cond" truecount="2" falsecount="0"/>
    </file>
  </project>
</coverage>
