<?xml version="1.0" encoding="UTF-8"?>
<coverage generated="1739174527699" clover="3.2.0">
  <project timestamp="1739174527699" name="All files">
    <metrics statements="33" coveredstatements="32" conditionals="13" coveredconditionals="10" methods="17" coveredmethods="17" elements="63" coveredelements="59" complexity="0" loc="33" ncloc="33" packages="2" files="2" classes="2"/>
    <package name="hooks">
      <metrics statements="23" coveredstatements="22" conditionals="9" coveredconditionals="6" methods="10" coveredmethods="10"/>
      <file name="useTaskForm.ts" path="C:\Users\Admin\Downloads\SDLC-openAIAutomation_FE\src\features\crud\hooks\useTaskForm.ts">
        <metrics statements="23" coveredstatements="22" conditionals="9" coveredconditionals="6" methods="10" coveredmethods="10"/>
        <line num="47" count="1" type="stmt"/>
        <line num="58" count="1" type="stmt"/>
        <line num="59" count="8" type="cond" truecount="4" falsecount="1"/>
        <line num="61" count="5" type="stmt"/>
        <line num="63" count="1" type="stmt"/>
        <line num="64" count="1" type="cond" truecount="1" falsecount="1"/>
        <line num="67" count="1" type="stmt"/>
        <line num="69" count="2" type="stmt"/>
        <line num="70" count="2" type="cond" truecount="1" falsecount="1"/>
        <line num="72" count="0" type="stmt"/>
        <line num="76" count="1" type="stmt"/>
        <line num="77" count="8" type="stmt"/>
        <line num="79" count="8" type="stmt"/>
        <line num="80" count="5" type="stmt"/>
        <line num="87" count="5" type="stmt"/>
        <line num="90" count="8" type="stmt"/>
        <line num="91" count="1" type="stmt"/>
        <line num="98" count="1" type="stmt"/>
        <line num="101" count="8" type="stmt"/>
        <line num="102" count="1" type="stmt"/>
        <line num="105" count="8" type="stmt"/>
        <line num="106" count="1" type="stmt"/>
        <line num="109" count="8" type="stmt"/>
      </file>
    </package>
    <package name="utils">
      <metrics statements="10" coveredstatements="10" conditionals="4" coveredconditionals="4" methods="7" coveredmethods="7"/>
      <file name="taskUtils.ts" path="C:\Users\Admin\Downloads\SDLC-openAIAutomation_FE\src\features\crud\utils\taskUtils.ts">
        <metrics statements="10" coveredstatements="10" conditionals="4" coveredconditionals="4" methods="7" coveredmethods="7"/>
        <line num="3" count="1" type="stmt"/>
        <line num="4" count="3" type="cond" truecount="2" falsecount="0"/>
        <line num="7" count="1" type="stmt"/>
        <line num="12" count="1" type="stmt"/>
        <line num="19" count="1" type="stmt"/>
        <line num="22" count="1" type="stmt"/>
        <line num="28" count="2" type="stmt"/>
        <line num="29" count="2" type="cond" truecount="2" falsecount="0"/>
        <line num="35" count="1" type="stmt"/>
        <line num="36" count="2" type="stmt"/>
      </file>
    </package>
  </project>
</coverage>
