{"C:\\Users\\Admin\\Downloads\\SDLC-openAIAutomation_FE\\src\\features\\crud\\hooks\\useTaskForm.ts": {"path":"C:\\Users\\Admin\\Downloads\\SDLC-openAIAutomation_FE\\src\\features\\crud\\hooks\\useTaskForm.ts","statementMap":{"0":{"start":{"line":47,"column":0},"end":{"line":47,"column":35}},"1":{"start":{"line":58,"column":20},"end":{"line":74,"column":1}},"2":{"start":{"line":59,"column":2},"end":{"line":73,"column":3}},"3":{"start":{"line":61,"column":6},"end":{"line":61,"column":40}},"4":{"start":{"line":63,"column":6},"end":{"line":65,"column":8}},"5":{"start":{"line":64,"column":8},"end":{"line":64,"column":77}},"6":{"start":{"line":67,"column":6},"end":{"line":67,"column":64}},"7":{"start":{"line":67,"column":36},"end":{"line":67,"column":62}},"8":{"start":{"line":69,"column":24},"end":{"line":69,"column":78}},"9":{"start":{"line":69,"column":61},"end":{"line":69,"column":76}},"10":{"start":{"line":70,"column":6},"end":{"line":70,"column":92}},"11":{"start":{"line":70,"column":34},"end":{"line":70,"column":89}},"12":{"start":{"line":72,"column":6},"end":{"line":72,"column":19}},"13":{"start":{"line":76,"column":24},"end":{"line":110,"column":1}},"14":{"start":{"line":77,"column":28},"end":{"line":77,"column":55}},"15":{"start":{"line":79,"column":18},"end":{"line":88,"column":3}},"16":{"start":{"line":80,"column":26},"end":{"line":86,"column":6}},"17":{"start":{"line":87,"column":4},"end":{"line":87,"column":53}},"18":{"start":{"line":90,"column":19},"end":{"line":99,"column":3}},"19":{"start":{"line":91,"column":30},"end":{"line":97,"column":6}},"20":{"start":{"line":98,"column":4},"end":{"line":98,"column":60}},"21":{"start":{"line":101,"column":21},"end":{"line":103,"column":3}},"22":{"start":{"line":102,"column":4},"end":{"line":102,"column":51}},"23":{"start":{"line":105,"column":27},"end":{"line":107,"column":3}},"24":{"start":{"line":106,"column":4},"end":{"line":106,"column":62}},"25":{"start":{"line":109,"column":2},"end":{"line":109,"column":68}},"26":{"start":{"line":76,"column":13},"end":{"line":76,"column":24}}},"fnMap":{"0":{"name":"(anonymous_0)","decl":{"start":{"line":58,"column":20},"end":{"line":58,"column":21}},"loc":{"start":{"line":58,"column":62},"end":{"line":74,"column":1}}},"1":{"name":"(anonymous_1)","decl":{"start":{"line":63,"column":23},"end":{"line":63,"column":24}},"loc":{"start":{"line":64,"column":8},"end":{"line":64,"column":77}}},"2":{"name":"(anonymous_2)","decl":{"start":{"line":67,"column":26},"end":{"line":67,"column":27}},"loc":{"start":{"line":67,"column":36},"end":{"line":67,"column":62}}},"3":{"name":"(anonymous_3)","decl":{"start":{"line":69,"column":51},"end":{"line":69,"column":52}},"loc":{"start":{"line":69,"column":61},"end":{"line":69,"column":76}}},"4":{"name":"(anonymous_4)","decl":{"start":{"line":70,"column":23},"end":{"line":70,"column":24}},"loc":{"start":{"line":70,"column":34},"end":{"line":70,"column":89}}},"5":{"name":"(anonymous_5)","decl":{"start":{"line":76,"column":24},"end":{"line":76,"column":27}},"loc":{"start":{"line":76,"column":29},"end":{"line":110,"column":1}}},"6":{"name":"(anonymous_6)","decl":{"start":{"line":79,"column":18},"end":{"line":79,"column":19}},"loc":{"start":{"line":79,"column":57},"end":{"line":88,"column":3}}},"7":{"name":"(anonymous_7)","decl":{"start":{"line":90,"column":19},"end":{"line":90,"column":20}},"loc":{"start":{"line":90,"column":70},"end":{"line":99,"column":3}}},"8":{"name":"(anonymous_8)","decl":{"start":{"line":101,"column":21},"end":{"line":101,"column":22}},"loc":{"start":{"line":101,"column":36},"end":{"line":103,"column":3}}},"9":{"name":"(anonymous_9)","decl":{"start":{"line":105,"column":27},"end":{"line":105,"column":28}},"loc":{"start":{"line":105,"column":52},"end":{"line":107,"column":3}}}},"branchMap":{"0":{"loc":{"start":{"line":59,"column":2},"end":{"line":73,"column":3}},"type":"switch","locations":[{"start":{"line":60,"column":4},"end":{"line":61,"column":40}},{"start":{"line":62,"column":4},"end":{"line":65,"column":8}},{"start":{"line":66,"column":4},"end":{"line":67,"column":64}},{"start":{"line":68,"column":4},"end":{"line":70,"column":92}},{"start":{"line":71,"column":4},"end":{"line":72,"column":19}}]},"1":{"loc":{"start":{"line":64,"column":8},"end":{"line":64,"column":77}},"type":"cond-expr","locations":[{"start":{"line":64,"column":40},"end":{"line":64,"column":70}},{"start":{"line":64,"column":73},"end":{"line":64,"column":77}}]},"2":{"loc":{"start":{"line":70,"column":34},"end":{"line":70,"column":89}},"type":"cond-expr","locations":[{"start":{"line":70,"column":59},"end":{"line":70,"column":82}},{"start":{"line":70,"column":85},"end":{"line":70,"column":89}}]}},"s":{"0":1,"1":1,"2":8,"3":5,"4":1,"5":1,"6":1,"7":1,"8":1,"9":2,"10":1,"11":2,"12":0,"13":1,"14":8,"15":8,"16":5,"17":5,"18":8,"19":1,"20":1,"21":8,"22":1,"23":8,"24":1,"25":8,"26":1},"f":{"0":8,"1":1,"2":1,"3":2,"4":2,"5":8,"6":5,"7":1,"8":1,"9":1},"b":{"0":[5,1,1,1,0],"1":[1,0],"2":[2,0]}}
,"C:\\Users\\Admin\\Downloads\\SDLC-openAIAutomation_FE\\src\\features\\crud\\utils\\taskUtils.ts": {"path":"C:\\Users\\Admin\\Downloads\\SDLC-openAIAutomation_FE\\src\\features\\crud\\utils\\taskUtils.ts","statementMap":{"0":{"start":{"line":3,"column":26},"end":{"line":5,"column":1}},"1":{"start":{"line":4,"column":2},"end":{"line":4,"column":74}},"2":{"start":{"line":4,"column":56},"end":{"line":4,"column":63}},"3":{"start":{"line":3,"column":13},"end":{"line":3,"column":26}},"4":{"start":{"line":7,"column":26},"end":{"line":20,"column":1}},"5":{"start":{"line":12,"column":24},"end":{"line":18,"column":4}},"6":{"start":{"line":19,"column":2},"end":{"line":19,"column":29}},"7":{"start":{"line":7,"column":13},"end":{"line":7,"column":26}},"8":{"start":{"line":22,"column":26},"end":{"line":33,"column":1}},"9":{"start":{"line":28,"column":2},"end":{"line":32,"column":4}},"10":{"start":{"line":29,"column":4},"end":{"line":31,"column":12}},"11":{"start":{"line":22,"column":13},"end":{"line":22,"column":26}},"12":{"start":{"line":35,"column":26},"end":{"line":37,"column":1}},"13":{"start":{"line":36,"column":2},"end":{"line":36,"column":48}},"14":{"start":{"line":36,"column":32},"end":{"line":36,"column":46}},"15":{"start":{"line":35,"column":13},"end":{"line":35,"column":26}}},"fnMap":{"0":{"name":"(anonymous_0)","decl":{"start":{"line":3,"column":26},"end":{"line":3,"column":27}},"loc":{"start":{"line":3,"column":52},"end":{"line":5,"column":1}}},"1":{"name":"(anonymous_1)","decl":{"start":{"line":4,"column":46},"end":{"line":4,"column":47}},"loc":{"start":{"line":4,"column":56},"end":{"line":4,"column":63}}},"2":{"name":"(anonymous_2)","decl":{"start":{"line":7,"column":26},"end":{"line":7,"column":null}},"loc":{"start":{"line":11,"column":12},"end":{"line":20,"column":1}}},"3":{"name":"(anonymous_3)","decl":{"start":{"line":22,"column":26},"end":{"line":22,"column":null}},"loc":{"start":{"line":27,"column":12},"end":{"line":33,"column":1}}},"4":{"name":"(anonymous_4)","decl":{"start":{"line":28,"column":19},"end":{"line":28,"column":20}},"loc":{"start":{"line":29,"column":4},"end":{"line":31,"column":12}}},"5":{"name":"(anonymous_5)","decl":{"start":{"line":35,"column":26},"end":{"line":35,"column":27}},"loc":{"start":{"line":35,"column":64},"end":{"line":37,"column":1}}},"6":{"name":"(anonymous_6)","decl":{"start":{"line":36,"column":22},"end":{"line":36,"column":23}},"loc":{"start":{"line":36,"column":32},"end":{"line":36,"column":46}}}},"branchMap":{"0":{"loc":{"start":{"line":4,"column":9},"end":{"line":4,"column":73}},"type":"cond-expr","locations":[{"start":{"line":4,"column":24},"end":{"line":4,"column":69}},{"start":{"line":4,"column":72},"end":{"line":4,"column":73}}]},"1":{"loc":{"start":{"line":29,"column":4},"end":{"line":31,"column":12}},"type":"cond-expr","locations":[{"start":{"line":30,"column":8},"end":{"line":30,"column":78}},{"start":{"line":31,"column":8},"end":{"line":31,"column":12}}]}},"s":{"0":1,"1":3,"2":2,"3":1,"4":1,"5":1,"6":1,"7":1,"8":1,"9":2,"10":2,"11":1,"12":1,"13":2,"14":2,"15":1},"f":{"0":3,"1":2,"2":1,"3":2,"4":2,"5":2,"6":2},"b":{"0":[1,2],"1":[1,1]}}
}
