{"C:\\Users\\Admin\\Downloads\\SDLC-openAIAutomation_FE\\src\\features\\crud\\utils\\localStorageUtils.ts": {"path":"C:\\Users\\Admin\\Downloads\\SDLC-openAIAutomation_FE\\src\\features\\crud\\utils\\localStorageUtils.ts","statementMap":{"0":{"start":{"line":4,"column":39},"end":{"line":6,"column":1}},"1":{"start":{"line":5,"column":2},"end":{"line":5,"column":55}},"2":{"start":{"line":4,"column":13},"end":{"line":4,"column":39}},"3":{"start":{"line":8,"column":41},"end":{"line":11,"column":1}},"4":{"start":{"line":9,"column":16},"end":{"line":9,"column":45}},"5":{"start":{"line":10,"column":2},"end":{"line":10,"column":40}},"6":{"start":{"line":8,"column":13},"end":{"line":8,"column":41}}},"fnMap":{"0":{"name":"(anonymous_0)","decl":{"start":{"line":4,"column":39},"end":{"line":4,"column":40}},"loc":{"start":{"line":4,"column":57},"end":{"line":6,"column":1}}},"1":{"name":"(anonymous_1)","decl":{"start":{"line":8,"column":41},"end":{"line":8,"column":52}},"loc":{"start":{"line":8,"column":54},"end":{"line":11,"column":1}}}},"branchMap":{"0":{"loc":{"start":{"line":10,"column":9},"end":{"line":10,"column":39}},"type":"cond-expr","locations":[{"start":{"line":10,"column":17},"end":{"line":10,"column":34}},{"start":{"line":10,"column":37},"end":{"line":10,"column":39}}]}},"s":{"0":1,"1":4,"2":1,"3":1,"4":4,"5":4,"6":1},"f":{"0":4,"1":4},"b":{"0":[2,2]}}
}
