TN:
SF:src\features\crud\hooks\useTaskForm.ts
FN:58,(anonymous_0)
FN:63,(anonymous_1)
FN:67,(anonymous_2)
FN:69,(anonymous_3)
FN:70,(anonymous_4)
FN:76,(anonymous_5)
FN:79,(anonymous_6)
FN:90,(anonymous_7)
FN:101,(anonymous_8)
FN:105,(anonymous_9)
FNF:10
FNH:10
FNDA:8,(anonymous_0)
FNDA:1,(anonymous_1)
FNDA:1,(anonymous_2)
FNDA:2,(anonymous_3)
FNDA:2,(anonymous_4)
FNDA:8,(anonymous_5)
FNDA:5,(anonymous_6)
FNDA:1,(anonymous_7)
FNDA:1,(anonymous_8)
FNDA:1,(anonymous_9)
DA:47,1
DA:58,1
DA:59,8
DA:61,5
DA:63,1
DA:64,1
DA:67,1
DA:69,2
DA:70,2
DA:72,0
DA:76,1
DA:77,8
DA:79,8
DA:80,5
DA:87,5
DA:90,8
DA:91,1
DA:98,1
DA:101,8
DA:102,1
DA:105,8
DA:106,1
DA:109,8
LF:23
LH:22
BRDA:59,0,0,5
BRDA:59,0,1,1
BRDA:59,0,2,1
BRDA:59,0,3,1
BRDA:59,0,4,0
BRDA:64,1,0,1
BRDA:64,1,1,0
BRDA:70,2,0,2
BRDA:70,2,1,0
BRF:9
BRH:6
end_of_record
TN:
SF:src\features\crud\utils\taskUtils.ts
FN:3,(anonymous_0)
FN:4,(anonymous_1)
FN:7,(anonymous_2)
FN:22,(anonymous_3)
FN:28,(anonymous_4)
FN:35,(anonymous_5)
FN:36,(anonymous_6)
FNF:7
FNH:7
FNDA:3,(anonymous_0)
FNDA:2,(anonymous_1)
FNDA:1,(anonymous_2)
FNDA:2,(anonymous_3)
FNDA:2,(anonymous_4)
FNDA:2,(anonymous_5)
FNDA:2,(anonymous_6)
DA:3,1
DA:4,3
DA:7,1
DA:12,1
DA:19,1
DA:22,1
DA:28,2
DA:29,2
DA:35,1
DA:36,2
LF:10
LH:10
BRDA:4,0,0,1
BRDA:4,0,1,2
BRDA:29,1,0,1
BRDA:29,1,1,1
BRF:4
BRH:4
end_of_record
